536928
for (int k = 0; k < ids.size(); k++)
    {
        if (ids[k] != grid[i][j]){
            for (int i = 0; i < n; i++){
                for (int j = 0; j < n; j++){
                    visited[i][j] = false;
                }
            }
            for (int i = 0; i < n; i++){
                for (int j = 0; j < n; j++){
                    if (!visited[i][j]){
                        if (grid[i][j] != ids[k]){}
                        int a = floodfill(i, j, {grid[i][j], ids[k]});
                        if (a > maxtwoarea){
                            maxtwoarea = a;
                        }
                    }
                }
            }
        }
    }